<?xml version="1.0" encoding="UTF-8"?>
<robot generator="Robot 7.4.2 (Python 3.11.6 on win32)" generated="2026-04-14T14:05:58.854100" rpa="false" schemaversion="5">
<suite id="s1" name="Google Test" source="C:\Users\GERDEM\Documents\test-projesi\google_test.robot">
<test id="s1-t1" name="Google Anasayfa Testi" line="5">
<kw name="Open Browser" owner="SeleniumLibrary">
<msg time="2026-04-14T14:05:59.239974" level="INFO">Opening browser 'chrome' to base url 'https://www.google.com'.</msg>
<arg>https://www.google.com</arg>
<arg>chrome</arg>
<doc>Opens a new browser instance to the optional ``url``.</doc>
<status status="PASS" start="2026-04-14T14:05:59.238931" elapsed="3.989960"/>
</kw>
<kw name="Title Should Be" owner="SeleniumLibrary">
<msg time="2026-04-14T14:06:03.234056" level="INFO">Page title is 'Google'.</msg>
<arg>Google</arg>
<doc>Verifies that the current page title equals ``title``.</doc>
<status status="PASS" start="2026-04-14T14:06:03.229909" elapsed="0.004147"/>
</kw>
<kw name="Close Browser" owner="SeleniumLibrary">
<doc>Closes the current browser.</doc>
<status status="PASS" start="2026-04-14T14:06:03.235061" elapsed="2.151982"/>
</kw>
<status status="PASS" start="2026-04-14T14:05:59.237927" elapsed="6.149116"/>
</test>
<test id="s1-t2" name="Google Arama Testi" line="10">
<kw name="Open Browser" owner="SeleniumLibrary">
<msg time="2026-04-14T14:06:05.389062" level="INFO">Opening browser 'chrome' to base url 'https://www.google.com'.</msg>
<arg>https://www.google.com</arg>
<arg>chrome</arg>
<doc>Opens a new browser instance to the optional ``url``.</doc>
<status status="PASS" start="2026-04-14T14:06:05.389062" elapsed="2.411339"/>
</kw>
<kw name="Input Text" owner="SeleniumLibrary">
<msg time="2026-04-14T14:06:07.801396" level="INFO">Typing text 'Robot Framework' into text field 'name=q'.</msg>
<arg>name=q</arg>
<arg>Robot Framework</arg>
<doc>Types the given ``text`` into the text field identified by ``locator``.</doc>
<status status="PASS" start="2026-04-14T14:06:07.800401" elapsed="0.383072"/>
</kw>
<kw name="Press Keys" owner="SeleniumLibrary">
<msg time="2026-04-14T14:06:08.184470" level="INFO">Sending key(s) ('ENTER',) to name=q element.</msg>
<msg time="2026-04-14T14:06:10.077866" level="INFO">Pressing special key ENTER to element.</msg>
<msg time="2026-04-14T14:06:10.077866" level="INFO">Releasing special key ENTER.</msg>
<arg>name=q</arg>
<arg>ENTER</arg>
<doc>Simulates the user pressing key(s) to an element or on the active browser.</doc>
<status status="PASS" start="2026-04-14T14:06:08.183473" elapsed="2.023175"/>
</kw>
<kw name="Sleep" owner="BuiltIn">
<msg time="2026-04-14T14:06:12.208170" level="INFO">Slept 2 seconds.</msg>
<arg>2s</arg>
<doc>Pauses the test executed for the given time.</doc>
<status status="PASS" start="2026-04-14T14:06:10.206648" elapsed="2.001522"/>
</kw>
<kw name="Location Should Contain" owner="SeleniumLibrary">
<msg time="2026-04-14T14:06:12.214659" level="INFO">Current location contains 'search'.</msg>
<arg>search</arg>
<doc>Verifies that the current URL contains ``expected``.</doc>
<status status="PASS" start="2026-04-14T14:06:12.208673" elapsed="0.005986"/>
</kw>
<kw name="Close Browser" owner="SeleniumLibrary">
<doc>Closes the current browser.</doc>
<status status="PASS" start="2026-04-14T14:06:12.214659" elapsed="2.131131"/>
</kw>
<status status="PASS" start="2026-04-14T14:06:05.388057" elapsed="8.957733"/>
</test>
<test id="s1-t3" name="Google Arama Kutusu Testi" line="18">
<kw name="Open Browser" owner="SeleniumLibrary">
<msg time="2026-04-14T14:06:14.346955" level="INFO">Opening browser 'chrome' to base url 'https://www.google.com'.</msg>
<arg>https://www.google.com</arg>
<arg>chrome</arg>
<doc>Opens a new browser instance to the optional ``url``.</doc>
<status status="PASS" start="2026-04-14T14:06:14.346955" elapsed="2.260813"/>
</kw>
<kw name="Page Should Contain Element" owner="SeleniumLibrary">
<msg time="2026-04-14T14:06:16.622119" level="INFO">Current page contains element 'name=q'.</msg>
<arg>name=q</arg>
<doc>Verifies that element ``locator`` is found on the current page.</doc>
<status status="PASS" start="2026-04-14T14:06:16.607768" elapsed="0.014351"/>
</kw>
<kw name="Close Browser" owner="SeleniumLibrary">
<doc>Closes the current browser.</doc>
<status status="PASS" start="2026-04-14T14:06:16.623435" elapsed="2.131733"/>
</kw>
<status status="PASS" start="2026-04-14T14:06:14.346955" elapsed="4.410408"/>
</test>
<status status="PASS" start="2026-04-14T14:05:58.857132" elapsed="19.902327"/>
</suite>
<statistics>
<total>
<stat pass="3" fail="0" skip="0">All Tests</stat>
</total>
<tag>
</tag>
<suite>
<stat name="Google Test" id="s1" pass="3" fail="0" skip="0">Google Test</stat>
</suite>
</statistics>
<errors>
</errors>
</robot>
